<?xml version="1.0" encoding="UTF-8"?>
<testsuite name="EdgeFieldTest" tests="8" skipped="0" failures="0" errors="0" timestamp="2024-11-06T04:11:16" hostname="Graces-MacBook-Air-5.local" time="0.02">
  <properties/>
  <testcase name="varcharValTest" classname="EdgeFieldTest" time="0.007"/>
  <testcase name="constTest" classname="EdgeFieldTest" time="0.001"/>
  <testcase name="tableIDTest" classname="EdgeFieldTest" time="0.002"/>
  <testcase name="tableBoundTest" classname="EdgeFieldTest" time="0.003"/>
  <testcase name="dataTypeTest" classname="EdgeFieldTest" time="0.001"/>
  <testcase name="defaultValueTest" classname="EdgeFieldTest" time="0.001"/>
  <testcase name="fieldBoundTest" classname="EdgeFieldTest" time="0.001"/>
  <testcase name="primaryKeyTest" classname="EdgeFieldTest" time="0.002"/>
  <system-out><![CDATA[11:16.461 INFO class:EdgeFieldTest - Initialize EdgeField
11:16.465 INFO class:EdgeField - EdgeField object input: 1|TestField
11:16.465 INFO class:EdgeFieldTest - Testing whether we will recieve what we set in VarcharValue
11:16.466 INFO class:EdgeFieldTest - Initialize EdgeField
11:16.467 INFO class:EdgeField - EdgeField object input: 1|TestField
11:16.467 INFO class:EdgeFieldTest - Testing the constuctor
11:16.468 INFO class:EdgeFieldTest - Initialize EdgeField
11:16.468 INFO class:EdgeField - EdgeField object input: 1|TestField
11:16.469 INFO class:EdgeFieldTest - Testing whether we will recieve what we set in TableID
11:16.469 INFO class:EdgeFieldTest - Initialize EdgeField
11:16.470 INFO class:EdgeField - EdgeField object input: 1|TestField
11:16.471 INFO class:EdgeFieldTest - Testing whether we will recieve what we set in TableBound
11:16.472 INFO class:EdgeFieldTest - Initialize EdgeField
11:16.473 INFO class:EdgeField - EdgeField object input: 1|TestField
11:16.473 INFO class:EdgeFieldTest - Testing whether we will recieve what we set in DataType
11:16.473 INFO class:EdgeFieldTest - Test value that shouldnt work - Out of bounds
11:16.474 INFO class:EdgeFieldTest - Initialize EdgeField
11:16.474 INFO class:EdgeField - EdgeField object input: 1|TestField
11:16.474 INFO class:EdgeFieldTest - Testing whether we will recieve what we set in DefaultValue
11:16.475 INFO class:EdgeFieldTest - Initialize EdgeField
11:16.475 INFO class:EdgeField - EdgeField object input: 1|TestField
11:16.476 INFO class:EdgeFieldTest - Testing whether we will recieve what we set in FieldBound
11:16.477 INFO class:EdgeFieldTest - Initialize EdgeField
11:16.477 INFO class:EdgeField - EdgeField object input: 1|TestField
11:16.478 INFO class:EdgeFieldTest - Tests the primary key
]]></system-out>
  <system-err><![CDATA[]]></system-err>
</testsuite>
